# JRE version: OpenJDK Runtime Environment (8.0_191-b12) (build 1.8.0_191-b12)
# Java VM: OpenJDK 64-Bit Server VM (25.191-b12 mixed mode linux-amd64 compressed oops)
Heap:
 PSYoungGen      total 1362944K, used 676203K [0x0000000743400000, 0x00000007c0000000, 0x00000007c0000000)
  eden space 681984K, 0% used [0x0000000743400000,0x0000000743400000,0x000000076ce00000)
  from space 680960K, 99% used [0x000000076ce00000,0x000000079625ac00,0x0000000796700000)
  to   space 680960K, 0% used [0x0000000796700000,0x0000000796700000,0x00000007c0000000)
 ParOldGen       total 1391104K, used 1390613K [0x0000000649c00000, 0x000000069ea80000, 0x0000000743400000)
  object space 1391104K, 99% used [0x0000000649c00000,0x000000069ea056d0,0x000000069ea80000)
 Metaspace       used 3723K, capacity 4498K, committed 4864K, reserved 1056768K
  class space    used 381K, capacity 386K, committed 512K, reserved 1048576K
GC Heap History (31 events):
Event: 0.209 GC heap before
{Heap before GC invocations=1 (full 0):
 PSYoungGen      total 112128K, used 96256K [0x0000000743400000, 0x000000074b100000, 0x00000007c0000000)
  eden space 96256K, 100% used [0x0000000743400000,0x0000000749200000,0x0000000749200000)
  from space 15872K, 0% used [0x000000074a180000,0x000000074a180000,0x000000074b100000)
  to   space 15872K, 0% used [0x0000000749200000,0x0000000749200000,0x000000074a180000)
 ParOldGen       total 257024K, used 0K [0x0000000649c00000, 0x0000000659700000, 0x0000000743400000)
  object space 257024K, 0% used [0x0000000649c00000,0x0000000649c00000,0x0000000659700000)
 Metaspace       used 3722K, capacity 4498K, committed 4864K, reserved 1056768K
  class space    used 381K, capacity 386K, committed 512K, reserved 1048576K
Event: 0.428 GC heap after
Heap after GC invocations=1 (full 0):
 PSYoungGen      total 112128K, used 15847K [0x0000000743400000, 0x0000000750f00000, 0x00000007c0000000)
  eden space 96256K, 0% used [0x0000000743400000,0x0000000743400000,0x0000000749200000)
  from space 15872K, 99% used [0x0000000749200000,0x000000074a179c70,0x000000074a180000)
  to   space 15872K, 0% used [0x000000074ff80000,0x000000074ff80000,0x0000000750f00000)
 ParOldGen       total 257024K, used 66768K [0x0000000649c00000, 0x0000000659700000, 0x0000000743400000)
  object space 257024K, 25% used [0x0000000649c00000,0x000000064dd34000,0x0000000659700000)
 Metaspace       used 3722K, capacity 4498K, committed 4864K, reserved 1056768K
  class space    used 381K, capacity 386K, committed 512K, reserved 1048576K
}
Event: 0.473 GC heap before
{Heap before GC invocations=2 (full 0):
 PSYoungGen      total 112128K, used 112103K [0x0000000743400000, 0x0000000750f00000, 0x00000007c0000000)
  eden space 96256K, 100% used [0x0000000743400000,0x0000000749200000,0x0000000749200000)
  from space 15872K, 99% used [0x0000000749200000,0x000000074a179c70,0x000000074a180000)
  to   space 15872K, 0% used [0x000000074ff80000,0x000000074ff80000,0x0000000750f00000)
 ParOldGen       total 257024K, used 66768K [0x0000000649c00000, 0x0000000659700000, 0x0000000743400000)
  object space 257024K, 25% used [0x0000000649c00000,0x000000064dd34000,0x0000000659700000)
 Metaspace       used 3722K, capacity 4498K, committed 4864K, reserved 1056768K
  class space    used 381K, capacity 386K, committed 512K, reserved 1048576K
Event: 0.732 GC heap after
Heap after GC invocations=2 (full 0):
 PSYoungGen      total 208384K, used 15847K [0x0000000743400000, 0x0000000750f00000, 0x00000007c0000000)
  eden space 192512K, 0% used [0x0000000743400000,0x0000000743400000,0x000000074f000000)
  from space 15872K, 99% used [0x000000074ff80000,0x0000000750ef9c70,0x0000000750f00000)
  to   space 15872K, 0% used [0x000000074f000000,0x000000074f000000,0x000000074ff80000)
 ParOldGen       total 257024K, used 163408K [0x0000000649c00000, 0x0000000659700000, 0x0000000743400000)
  object space 257024K, 63% used [0x0000000649c00000,0x0000000653b94000,0x0000000659700000)
 Metaspace       used 3722K, capacity 4498K, committed 4864K, reserved 1056768K
  class space    used 381K, capacity 386K, committed 512K, reserved 1048576K
}
Event: 0.732 GC heap before
{Heap before GC invocations=3 (full 1):
 PSYoungGen      total 208384K, used 15847K [0x0000000743400000, 0x0000000750f00000, 0x00000007c0000000)
  eden space 192512K, 0% used [0x0000000743400000,0x0000000743400000,0x000000074f000000)
  from space 15872K, 99% used [0x000000074ff80000,0x0000000750ef9c70,0x0000000750f00000)
  to   space 15872K, 0% used [0x000000074f000000,0x000000074f000000,0x000000074ff80000)
 ParOldGen       total 257024K, used 163408K [0x0000000649c00000, 0x0000000659700000, 0x0000000743400000)
  object space 257024K, 63% used [0x0000000649c00000,0x0000000653b94000,0x0000000659700000)
 Metaspace       used 3722K, capacity 4498K, committed 4864K, reserved 1056768K
  class space    used 381K, capacity 386K, committed 512K, reserved 1048576K
Event: 2.029 GC heap after
Heap after GC invocations=3 (full 1):
 PSYoungGen      total 208384K, used 0K [0x0000000743400000, 0x0000000750f00000, 0x00000007c0000000)
  eden space 192512K, 0% used [0x0000000743400000,0x0000000743400000,0x000000074f000000)
  from space 15872K, 0% used [0x000000074ff80000,0x000000074ff80000,0x0000000750f00000)
  to   space 15872K, 0% used [0x000000074f000000,0x000000074f000000,0x000000074ff80000)
 ParOldGen       total 441344K, used 178576K [0x0000000649c00000, 0x0000000664b00000, 0x0000000743400000)
  object space 441344K, 40% used [0x0000000649c00000,0x0000000654a64218,0x0000000664b00000)
 Metaspace       used 3722K, capacity 4498K, committed 4864K, reserved 1056768K
  class space    used 381K, capacity 386K, committed 512K, reserved 1048576K
}
Event: 2.145 GC heap before
{Heap before GC invocations=4 (full 1):
 PSYoungGen      total 208384K, used 192512K [0x0000000743400000, 0x0000000750f00000, 0x00000007c0000000)
  eden space 192512K, 100% used [0x0000000743400000,0x000000074f000000,0x000000074f000000)
  from space 15872K, 0% used [0x000000074ff80000,0x000000074ff80000,0x0000000750f00000)
  to   space 15872K, 0% used [0x000000074f000000,0x000000074f000000,0x000000074ff80000)
 ParOldGen       total 441344K, used 178576K [0x0000000649c00000, 0x0000000664b00000, 0x0000000743400000)
  object space 441344K, 40% used [0x0000000649c00000,0x0000000654a64218,0x0000000664b00000)
 Metaspace       used 3722K, capacity 4498K, committed 4864K, reserved 1056768K
  class space    used 381K, capacity 386K, committed 512K, reserved 1048576K
Event: 2.749 GC heap after
Heap after GC invocations=4 (full 1):
 PSYoungGen      total 208384K, used 15872K [0x0000000743400000, 0x0000000757780000, 0x00000007c0000000)
  eden space 192512K, 0% used [0x0000000743400000,0x0000000743400000,0x000000074f000000)
  from space 15872K, 100% used [0x000000074f000000,0x000000074ff80000,0x000000074ff80000)
  to   space 15872K, 0% used [0x0000000756800000,0x0000000756800000,0x0000000757780000)
 ParOldGen       total 441344K, used 355928K [0x0000000649c00000, 0x0000000664b00000, 0x0000000743400000)
  object space 441344K, 80% used [0x0000000649c00000,0x000000065f796218,0x0000000664b00000)
 Metaspace       used 3722K, capacity 4498K, committed 4864K, reserved 1056768K
  class space    used 381K, capacity 386K, committed 512K, reserved 1048576K
}
Event: 2.749 GC heap before
{Heap before GC invocations=5 (full 2):
 PSYoungGen      total 208384K, used 15872K [0x0000000743400000, 0x0000000757780000, 0x00000007c0000000)
  eden space 192512K, 0% used [0x0000000743400000,0x0000000743400000,0x000000074f000000)
  from space 15872K, 100% used [0x000000074f000000,0x000000074ff80000,0x000000074ff80000)
  to   space 15872K, 0% used [0x0000000756800000,0x0000000756800000,0x0000000757780000)
 ParOldGen       total 441344K, used 355928K [0x0000000649c00000, 0x0000000664b00000, 0x0000000743400000)
  object space 441344K, 80% used [0x0000000649c00000,0x000000065f796218,0x0000000664b00000)
 Metaspace       used 3722K, capacity 4498K, committed 4864K, reserved 1056768K
  class space    used 381K, capacity 386K, committed 512K, reserved 1048576K
Event: 4.636 GC heap after
Heap after GC invocations=5 (full 2):
 PSYoungGen      total 208384K, used 0K [0x0000000743400000, 0x0000000757780000, 0x00000007c0000000)
  eden space 192512K, 0% used [0x0000000743400000,0x0000000743400000,0x000000074f000000)
  from space 15872K, 0% used [0x000000074f000000,0x000000074f000000,0x000000074ff80000)
  to   space 15872K, 0% used [0x0000000756800000,0x0000000756800000,0x0000000757780000)
 ParOldGen       total 829440K, used 371087K [0x0000000649c00000, 0x000000067c600000, 0x0000000743400000)
  object space 829440K, 44% used [0x0000000649c00000,0x0000000660663d48,0x000000067c600000)
 Metaspace       used 3722K, capacity 4498K, committed 4864K, reserved 1056768K
  class space    used 381K, capacity 386K, committed 512K, reserved 1048576K
}
Event: 4.726 GC heap before
{Heap before GC invocations=6 (full 2):
 PSYoungGen      total 208384K, used 192512K [0x0000000743400000, 0x0000000757780000, 0x00000007c0000000)
  eden space 192512K, 100% used [0x0000000743400000,0x000000074f000000,0x000000074f000000)
  from space 15872K, 0% used [0x000000074f000000,0x000000074f000000,0x000000074ff80000)
  to   space 15872K, 0% used [0x0000000756800000,0x0000000756800000,0x0000000757780000)
 ParOldGen       total 829440K, used 371087K [0x0000000649c00000, 0x000000067c600000, 0x0000000743400000)
  object space 829440K, 44% used [0x0000000649c00000,0x0000000660663d48,0x000000067c600000)
 Metaspace       used 3722K, capacity 4498K, committed 4864K, reserved 1056768K
  class space    used 381K, capacity 386K, committed 512K, reserved 1048576K
Event: 5.327 GC heap after
Heap after GC invocations=6 (full 2):
 PSYoungGen      total 300032K, used 15872K [0x0000000743400000, 0x0000000757780000, 0x00000007c0000000)
  eden space 284160K, 0% used [0x0000000743400000,0x0000000743400000,0x0000000754980000)
  from space 15872K, 100% used [0x0000000756800000,0x0000000757780000,0x0000000757780000)
  to   space 15872K, 0% used [0x0000000755880000,0x0000000755880000,0x0000000756800000)
 ParOldGen       total 829440K, used 548439K [0x0000000649c00000, 0x000000067c600000, 0x0000000743400000)
  object space 829440K, 66% used [0x0000000649c00000,0x000000066b395d48,0x000000067c600000)
 Metaspace       used 3722K, capacity 4498K, committed 4864K, reserved 1056768K
  class space    used 381K, capacity 386K, committed 512K, reserved 1048576K
}
Event: 5.478 GC heap before
{Heap before GC invocations=7 (full 2):
 PSYoungGen      total 300032K, used 300032K [0x0000000743400000, 0x0000000757780000, 0x00000007c0000000)
  eden space 284160K, 100% used [0x0000000743400000,0x0000000754980000,0x0000000754980000)
  from space 15872K, 100% used [0x0000000756800000,0x0000000757780000,0x0000000757780000)
  to   space 15872K, 0% used [0x0000000755880000,0x0000000755880000,0x0000000756800000)
 ParOldGen       total 829440K, used 548439K [0x0000000649c00000, 0x000000067c600000, 0x0000000743400000)
  object space 829440K, 66% used [0x0000000649c00000,0x000000066b395d48,0x000000067c600000)
 Metaspace       used 3722K, capacity 4498K, committed 4864K, reserved 1056768K
  class space    used 381K, capacity 386K, committed 512K, reserved 1048576K
Event: 6.369 GC heap after
Heap after GC invocations=7 (full 2):
 PSYoungGen      total 315392K, used 15872K [0x0000000743400000, 0x0000000786700000, 0x00000007c0000000)
  eden space 299520K, 0% used [0x0000000743400000,0x0000000743400000,0x0000000755880000)
  from space 15872K, 100% used [0x0000000755880000,0x0000000756800000,0x0000000756800000)
  to   space 327168K, 0% used [0x0000000772780000,0x0000000772780000,0x0000000786700000)
 ParOldGen       total 834048K, used 833727K [0x0000000649c00000, 0x000000067ca80000, 0x0000000743400000)
  object space 834048K, 99% used [0x0000000649c00000,0x000000067ca2fd48,0x000000067ca80000)
 Metaspace       used 3722K, capacity 4498K, committed 4864K, reserved 1056768K
  class space    used 381K, capacity 386K, committed 512K, reserved 1048576K
}
Event: 6.369 GC heap before
{Heap before GC invocations=8 (full 3):
 PSYoungGen      total 315392K, used 15872K [0x0000000743400000, 0x0000000786700000, 0x00000007c0000000)
  eden space 299520K, 0% used [0x0000000743400000,0x0000000743400000,0x0000000755880000)
  from space 15872K, 100% used [0x0000000755880000,0x0000000756800000,0x0000000756800000)
  to   space 327168K, 0% used [0x0000000772780000,0x0000000772780000,0x0000000786700000)
 ParOldGen       total 834048K, used 833727K [0x0000000649c00000, 0x000000067ca80000, 0x0000000743400000)
  object space 834048K, 99% used [0x0000000649c00000,0x000000067ca2fd48,0x000000067ca80000)
 Metaspace       used 3722K, capacity 4498K, committed 4864K, reserved 1056768K
  class space    used 381K, capacity 386K, committed 512K, reserved 1048576K
Event: 10.996 GC heap after
Heap after GC invocations=8 (full 3):
 PSYoungGen      total 315392K, used 13810K [0x0000000743400000, 0x0000000786700000, 0x00000007c0000000)
  eden space 299520K, 0% used [0x0000000743400000,0x0000000743400000,0x0000000755880000)
  from space 15872K, 87% used [0x0000000755880000,0x00000007565fca00,0x0000000756800000)
  to   space 327168K, 0% used [0x0000000772780000,0x0000000772780000,0x0000000786700000)
 ParOldGen       total 1523200K, used 833946K [0x0000000649c00000, 0x00000006a6b80000, 0x0000000743400000)
  object space 1523200K, 54% used [0x0000000649c00000,0x000000067ca669b0,0x00000006a6b80000)
 Metaspace       used 3722K, capacity 4498K, committed 4864K, reserved 1056768K
  class space    used 381K, capacity 386K, committed 512K, reserved 1048576K
}
Event: 11.140 GC heap before
{Heap before GC invocations=9 (full 3):
 PSYoungGen      total 315392K, used 313330K [0x0000000743400000, 0x0000000786700000, 0x00000007c0000000)
  eden space 299520K, 100% used [0x0000000743400000,0x0000000755880000,0x0000000755880000)
  from space 15872K, 87% used [0x0000000755880000,0x00000007565fca00,0x0000000756800000)
  to   space 327168K, 0% used [0x0000000772780000,0x0000000772780000,0x0000000786700000)
 ParOldGen       total 1523200K, used 833946K [0x0000000649c00000, 0x00000006a6b80000, 0x0000000743400000)
  object space 1523200K, 54% used [0x0000000649c00000,0x000000067ca669b0,0x00000006a6b80000)
 Metaspace       used 3722K, capacity 4498K, committed 4864K, reserved 1056768K
  class space    used 381K, capacity 386K, committed 512K, reserved 1048576K
Event: 12.700 GC heap after
Heap after GC invocations=9 (full 3):
 PSYoungGen      total 720384K, used 313664K [0x0000000743400000, 0x000000078cf00000, 0x00000007c0000000)
  eden space 393216K, 0% used [0x0000000743400000,0x0000000743400000,0x000000075b400000)
  from space 327168K, 95% used [0x0000000772780000,0x00000007859d0000,0x0000000786700000)
  to   space 380416K, 0% used [0x000000075b400000,0x000000075b400000,0x0000000772780000)
 ParOldGen       total 1523200K, used 833946K [0x0000000649c00000, 0x00000006a6b80000, 0x0000000743400000)
  object space 1523200K, 54% used [0x0000000649c00000,0x000000067ca669b0,0x00000006a6b80000)
 Metaspace       used 3722K, capacity 4498K, committed 4864K, reserved 1056768K
  class space    used 381K, capacity 386K, committed 512K, reserved 1048576K
}
Event: 14.202 GC heap before
{Heap before GC invocations=10 (full 3):
 PSYoungGen      total 720384K, used 706880K [0x0000000743400000, 0x000000078cf00000, 0x00000007c0000000)
  eden space 393216K, 100% used [0x0000000743400000,0x000000075b400000,0x000000075b400000)
  from space 327168K, 95% used [0x0000000772780000,0x00000007859d0000,0x0000000786700000)
  to   space 380416K, 0% used [0x000000075b400000,0x000000075b400000,0x0000000772780000)
 ParOldGen       total 1523200K, used 833946K [0x0000000649c00000, 0x00000006a6b80000, 0x0000000743400000)
  object space 1523200K, 54% used [0x0000000649c00000,0x000000067ca669b0,0x00000006a6b80000)
 Metaspace       used 3723K, capacity 4498K, committed 4864K, reserved 1056768K
  class space    used 381K, capacity 386K, committed 512K, reserved 1048576K
Event: 17.108 GC heap after
Heap after GC invocations=10 (full 3):
 PSYoungGen      total 773632K, used 380416K [0x0000000743400000, 0x00000007b1a80000, 0x00000007c0000000)
  eden space 393216K, 0% used [0x0000000743400000,0x0000000743400000,0x000000075b400000)
  from space 380416K, 100% used [0x000000075b400000,0x0000000772780000,0x0000000772780000)
  to   space 603136K, 0% used [0x000000078cd80000,0x000000078cd80000,0x00000007b1a80000)
 ParOldGen       total 1523200K, used 1146818K [0x0000000649c00000, 0x00000006a6b80000, 0x0000000743400000)
  object space 1523200K, 75% used [0x0000000649c00000,0x000000068fbf09b0,0x00000006a6b80000)
 Metaspace       used 3723K, capacity 4498K, committed 4864K, reserved 1056768K
  class space    used 381K, capacity 386K, committed 512K, reserved 1048576K
}
Event: 17.381 GC heap before
{Heap before GC invocations=11 (full 3):
 PSYoungGen      total 773632K, used 773632K [0x0000000743400000, 0x00000007b1a80000, 0x00000007c0000000)
  eden space 393216K, 100% used [0x0000000743400000,0x000000075b400000,0x000000075b400000)
  from space 380416K, 100% used [0x000000075b400000,0x0000000772780000,0x0000000772780000)
  to   space 603136K, 0% used [0x000000078cd80000,0x000000078cd80000,0x00000007b1a80000)
 ParOldGen       total 1523200K, used 1146818K [0x0000000649c00000, 0x00000006a6b80000, 0x0000000743400000)
  object space 1523200K, 75% used [0x0000000649c00000,0x000000068fbf09b0,0x00000006a6b80000)
 Metaspace       used 3723K, capacity 4498K, committed 4864K, reserved 1056768K
  class space    used 381K, capacity 386K, committed 512K, reserved 1048576K
Event: 19.360 GC heap after
Heap after GC invocations=11 (full 3):
 PSYoungGen      total 1127936K, used 603136K [0x0000000743400000, 0x00000007bd380000, 0x00000007c0000000)
  eden space 524800K, 0% used [0x0000000743400000,0x0000000743400000,0x0000000763480000)
  from space 603136K, 100% used [0x000000078cd80000,0x00000007b1a80000,0x00000007b1a80000)
  to   space 680960K, 0% used [0x0000000763480000,0x0000000763480000,0x000000078cd80000)
 ParOldGen       total 1523200K, used 1185690K [0x0000000649c00000, 0x00000006a6b80000, 0x0000000743400000)
  object space 1523200K, 77% used [0x0000000649c00000,0x00000006921e69b0,0x00000006a6b80000)
 Metaspace       used 3723K, capacity 4498K, committed 4864K, reserved 1056768K
  class space    used 381K, capacity 386K, committed 512K, reserved 1048576K
}
Event: 19.361 GC heap before
{Heap before GC invocations=12 (full 4):
 PSYoungGen      total 1127936K, used 603136K [0x0000000743400000, 0x00000007bd380000, 0x00000007c0000000)
  eden space 524800K, 0% used [0x0000000743400000,0x0000000743400000,0x0000000763480000)
  from space 603136K, 100% used [0x000000078cd80000,0x00000007b1a80000,0x00000007b1a80000)
  to   space 680960K, 0% used [0x0000000763480000,0x0000000763480000,0x000000078cd80000)
 ParOldGen       total 1523200K, used 1185690K [0x0000000649c00000, 0x00000006a6b80000, 0x0000000743400000)
  object space 1523200K, 77% used [0x0000000649c00000,0x00000006921e69b0,0x00000006a6b80000)
 Metaspace       used 3723K, capacity 4498K, committed 4864K, reserved 1056768K
  class space    used 381K, capacity 386K, committed 512K, reserved 1048576K
Event: 21.422 GC heap after
Heap after GC invocations=12 (full 4):
 PSYoungGen      total 1127936K, used 0K [0x0000000743400000, 0x00000007bd380000, 0x00000007c0000000)
  eden space 524800K, 0% used [0x0000000743400000,0x0000000743400000,0x0000000763480000)
  from space 603136K, 0% used [0x000000078cd80000,0x000000078cd80000,0x00000007b1a80000)
  to   space 680960K, 0% used [0x0000000763480000,0x0000000763480000,0x000000078cd80000)
 ParOldGen       total 1197568K, used 335236K [0x0000000649c00000, 0x0000000692d80000, 0x0000000743400000)
  object space 1197568K, 27% used [0x0000000649c00000,0x000000065e361130,0x0000000692d80000)
 Metaspace       used 3723K, capacity 4498K, committed 4864K, reserved 1056768K
  class space    used 381K, capacity 386K, committed 512K, reserved 1048576K
}
Event: 21.729 GC heap before
{Heap before GC invocations=13 (full 4):
 PSYoungGen      total 1127936K, used 524800K [0x0000000743400000, 0x00000007bd380000, 0x00000007c0000000)
  eden space 524800K, 100% used [0x0000000743400000,0x0000000763480000,0x0000000763480000)
  from space 603136K, 0% used [0x000000078cd80000,0x000000078cd80000,0x00000007b1a80000)
  to   space 680960K, 0% used [0x0000000763480000,0x0000000763480000,0x000000078cd80000)
 ParOldGen       total 1197568K, used 335236K [0x0000000649c00000, 0x0000000692d80000, 0x0000000743400000)
  object space 1197568K, 27% used [0x0000000649c00000,0x000000065e361130,0x0000000692d80000)
 Metaspace       used 3723K, capacity 4498K, committed 4864K, reserved 1056768K
  class space    used 381K, capacity 386K, committed 512K, reserved 1048576K
Event: 23.196 GC heap after
Heap after GC invocations=13 (full 4):
 PSYoungGen      total 1205760K, used 525344K [0x0000000743400000, 0x00000007c0000000, 0x00000007c0000000)
  eden space 524800K, 0% used [0x0000000743400000,0x0000000743400000,0x0000000763480000)
  from space 680960K, 77% used [0x0000000763480000,0x0000000783588000,0x000000078cd80000)
  to   space 680960K, 0% used [0x0000000796700000,0x0000000796700000,0x00000007c0000000)
 ParOldGen       total 1197568K, used 335236K [0x0000000649c00000, 0x0000000692d80000, 0x0000000743400000)
  object space 1197568K, 27% used [0x0000000649c00000,0x000000065e361130,0x0000000692d80000)
 Metaspace       used 3723K, capacity 4498K, committed 4864K, reserved 1056768K
  class space    used 381K, capacity 386K, committed 512K, reserved 1048576K
}
Event: 23.439 GC heap before
{Heap before GC invocations=14 (full 4):
 PSYoungGen      total 1205760K, used 1050144K [0x0000000743400000, 0x00000007c0000000, 0x00000007c0000000)
  eden space 524800K, 100% used [0x0000000743400000,0x0000000763480000,0x0000000763480000)
  from space 680960K, 77% used [0x0000000763480000,0x0000000783588000,0x000000078cd80000)
  to   space 680960K, 0% used [0x0000000796700000,0x0000000796700000,0x00000007c0000000)
 ParOldGen       total 1197568K, used 335236K [0x0000000649c00000, 0x0000000692d80000, 0x0000000743400000)
  object space 1197568K, 27% used [0x0000000649c00000,0x000000065e361130,0x0000000692d80000)
 Metaspace       used 3723K, capacity 4498K, committed 4864K, reserved 1056768K
  class space    used 381K, capacity 386K, committed 512K, reserved 1048576K
Event: 26.601 GC heap after
Heap after GC invocations=14 (full 4):
 PSYoungGen      total 1362944K, used 680960K [0x0000000743400000, 0x00000007c0000000, 0x00000007c0000000)
  eden space 681984K, 0% used [0x0000000743400000,0x0000000743400000,0x000000076ce00000)
  from space 680960K, 100% used [0x0000000796700000,0x00000007c0000000,0x00000007c0000000)
  to   space 680960K, 0% used [0x000000076ce00000,0x000000076ce00000,0x0000000796700000)
 ParOldGen       total 1197568K, used 705996K [0x0000000649c00000, 0x0000000692d80000, 0x0000000743400000)
  object space 1197568K, 58% used [0x0000000649c00000,0x0000000674d73130,0x0000000692d80000)
 Metaspace       used 3723K, capacity 4498K, committed 4864K, reserved 1056768K
  class space    used 381K, capacity 386K, committed 512K, reserved 1048576K
}
Event: 26.912 GC heap before
{Heap before GC invocations=15 (full 4):
 PSYoungGen      total 1362944K, used 1362944K [0x0000000743400000, 0x00000007c0000000, 0x00000007c0000000)
  eden space 681984K, 100% used [0x0000000743400000,0x000000076ce00000,0x000000076ce00000)
  from space 680960K, 100% used [0x0000000796700000,0x00000007c0000000,0x00000007c0000000)
  to   space 680960K, 0% used [0x000000076ce00000,0x000000076ce00000,0x0000000796700000)
 ParOldGen       total 1197568K, used 705996K [0x0000000649c00000, 0x0000000692d80000, 0x0000000743400000)
  object space 1197568K, 58% used [0x0000000649c00000,0x0000000674d73130,0x0000000692d80000)
 Metaspace       used 3723K, capacity 4498K, committed 4864K, reserved 1056768K
  class space    used 381K, capacity 386K, committed 512K, reserved 1048576K
Event: 29.823 GC heap after
Heap after GC invocations=15 (full 4):
 PSYoungGen      total 1362944K, used 680960K [0x0000000743400000, 0x00000007c0000000, 0x00000007c0000000)
  eden space 681984K, 0% used [0x0000000743400000,0x0000000743400000,0x000000076ce00000)
  from space 680960K, 100% used [0x000000076ce00000,0x0000000796700000,0x0000000796700000)
  to   space 680960K, 0% used [0x0000000796700000,0x0000000796700000,0x00000007c0000000)
 ParOldGen       total 1391104K, used 1390660K [0x0000000649c00000, 0x000000069ea80000, 0x0000000743400000)
  object space 1391104K, 99% used [0x0000000649c00000,0x000000069ea11130,0x000000069ea80000)
 Metaspace       used 3723K, capacity 4498K, committed 4864K, reserved 1056768K
  class space    used 381K, capacity 386K, committed 512K, reserved 1048576K
}
Event: 29.823 GC heap before
{Heap before GC invocations=16 (full 5):
 PSYoungGen      total 1362944K, used 680960K [0x0000000743400000, 0x00000007c0000000, 0x00000007c0000000)
  eden space 681984K, 0% used [0x0000000743400000,0x0000000743400000,0x000000076ce00000)
  from space 680960K, 100% used [0x000000076ce00000,0x0000000796700000,0x0000000796700000)
  to   space 680960K, 0% used [0x0000000796700000,0x0000000796700000,0x00000007c0000000)
 ParOldGen       total 1391104K, used 1390660K [0x0000000649c00000, 0x000000069ea80000, 0x0000000743400000)
  object space 1391104K, 99% used [0x0000000649c00000,0x000000069ea11130,0x000000069ea80000)
 Metaspace       used 3723K, capacity 4498K, committed 4864K, reserved 1056768K
  class space    used 381K, capacity 386K, committed 512K, reserved 1048576K

